<?xml version="1.0" encoding="UTF-8"?>
<!-- Generated by org.testng.reporters.JUnitXMLReporter -->
<testsuite hostname="Nitins-MacBook-Air.local" ignored="0" name="Surefire test" tests="22" failures="15" timestamp="21 Jun 2021 02:25:07 GMT" time="16.856" errors="0">
  <testcase name="fiftyOne" time="0.002" classname="tests.BaseClass"/>
  <testcase name="fiftyoneAandtwo" time="0.001" classname="tests.BaseClass">
    <failure type="java.lang.NullPointerException">
      <![CDATA[java.lang.NullPointerException
at tests.BaseClass.fiftyoneAandtwo(BaseClass.java:246)
... Removed 30 stack frames]]>
    </failure>
  </testcase> <!-- fiftyoneAandtwo -->
  <testcase name="fortySeven" time="0.002" classname="tests.BaseClass">
    <failure type="java.lang.NullPointerException">
      <![CDATA[java.lang.NullPointerException
at tests.BaseClass.fortySeven(BaseClass.java:211)
... Removed 30 stack frames]]>
    </failure>
  </testcase> <!-- fortySeven -->
  <testcase name="fortyThree" time="0.001" classname="tests.BaseClass">
    <failure type="java.lang.NullPointerException">
      <![CDATA[java.lang.NullPointerException
at tests.BaseClass.fortyThree(BaseClass.java:166)
... Removed 30 stack frames]]>
    </failure>
  </testcase> <!-- fortyThree -->
  <testcase name="thirty" time="0.0" classname="tests.BaseClass">
    <failure type="java.lang.NullPointerException">
      <![CDATA[java.lang.NullPointerException
at tests.BaseClass.thirty(BaseClass.java:127)
... Removed 30 stack frames]]>
    </failure>
  </testcase> <!-- thirty -->
  <testcase name="thirtyEight" time="4.01" classname="tests.BaseClass">
    <failure type="java.lang.NullPointerException">
      <![CDATA[java.lang.NullPointerException
at tests.BaseClass.thirtyEight(BaseClass.java:144)
... Removed 30 stack frames]]>
    </failure>
  </testcase> <!-- thirtyEight -->
  <testcase name="thirtyNineForty" time="4.002" classname="tests.BaseClass">
    <failure type="java.lang.NullPointerException">
      <![CDATA[java.lang.NullPointerException
at tests.BaseClass.thirtyNineForty(BaseClass.java:158)
... Removed 30 stack frames]]>
    </failure>
  </testcase> <!-- thirtyNineForty -->
  <testcase name="thirtyOne" time="0.0" classname="tests.BaseClass">
    <failure type="java.lang.NullPointerException">
      <![CDATA[java.lang.NullPointerException
at tests.BaseClass.thirtyOne(BaseClass.java:133)
... Removed 30 stack frames]]>
    </failure>
  </testcase> <!-- thirtyOne -->
  <testcase name="twentyEightNine" time="0.001" classname="tests.BaseClass">
    <failure type="java.lang.NullPointerException">
      <![CDATA[java.lang.NullPointerException
at tests.BaseClass.twentyEightNine(BaseClass.java:112)
... Removed 30 stack frames]]>
    </failure>
  </testcase> <!-- twentyEightNine -->
  <testcase name="twentyFour" time="0.0" classname="tests.BaseClass">
    <failure type="java.lang.NullPointerException">
      <![CDATA[java.lang.NullPointerException
at tests.BaseClass.twentyFour(BaseClass.java:86)
... Removed 30 stack frames]]>
    </failure>
  </testcase> <!-- twentyFour -->
  <testcase name="twentySeven" time="0.0" classname="tests.BaseClass">
    <failure type="java.lang.NullPointerException">
      <![CDATA[java.lang.NullPointerException
at tests.BaseClass.twentySeven(BaseClass.java:100)
... Removed 30 stack frames]]>
    </failure>
  </testcase> <!-- twentySeven -->
  <testcase name="twentySix" time="0.0" classname="tests.BaseClass">
    <failure type="java.lang.NullPointerException">
      <![CDATA[java.lang.NullPointerException
at tests.BaseClass.twentySix(BaseClass.java:92)
... Removed 30 stack frames]]>
    </failure>
  </testcase> <!-- twentySix -->
  <testcase name="twentytwothree" time="0.0" classname="tests.BaseClass">
    <failure type="java.lang.NullPointerException">
      <![CDATA[java.lang.NullPointerException
at tests.BaseClass.twentytwothree(BaseClass.java:75)
... Removed 30 stack frames]]>
    </failure>
  </testcase> <!-- twentytwothree -->
  <testcase name="SixtyOnescrollFunctionality" time="0.01" classname="tests.TestCases">
    <failure type="java.lang.NullPointerException">
      <![CDATA[java.lang.NullPointerException
at tests.TestCases.SixtyOnescrollFunctionality(TestCases.java:38)
... Removed 30 stack frames]]>
    </failure>
  </testcase> <!-- SixtyOnescrollFunctionality -->
  <testcase name="sixty" time="0.0" classname="tests.TestCases">
    <failure type="java.lang.NullPointerException">
      <![CDATA[java.lang.NullPointerException
at tests.TestCases.sixty(TestCases.java:17)
... Removed 30 stack frames]]>
    </failure>
  </testcase> <!-- sixty -->
  <testcase name="slidersTest" time="0.0" classname="tests.TestCases">
    <failure type="java.lang.NullPointerException">
      <![CDATA[java.lang.NullPointerException
at tests.TestCases.slidersTest(TestCases.java:56)
... Removed 30 stack frames]]>
    </failure>
  </testcase> <!-- slidersTest -->
  <testcase name="firstTest" time="0.0" classname="tests.SecondTestCase"/>
  <testcase name="secondTest" time="0.001" classname="tests.SecondTestCase"/>
  <testcase name="thirdTest" time="0.0" classname="tests.SecondTestCase"/>
  <testcase name="fiveTest" time="0.0" classname="tests.ThirdTestCase"/>
  <testcase name="fourTest" time="0.001" classname="tests.ThirdTestCase"/>
  <testcase name="sixTest" time="0.0" classname="tests.ThirdTestCase"/>
</testsuite> <!-- Surefire test -->
