<?xml version="1.0" encoding="UTF-8"?>
<!-- Generated by org.testng.reporters.JUnitXMLReporter -->
<testsuite hostname="Nitins-MacBook-Air.local" ignored="0" name="/Users/nitinarora/IdeaProjects/Project1/src/test/java/tests/BaseClass.java" tests="6" failures="0" timestamp="21 Jun 2021 19:47:08 GMT" time="0.066" errors="0">
  <testcase name="firstTest" time="0.033" classname="tests.SecondTestCase"/>
  <testcase name="secondTest" time="0.0" classname="tests.SecondTestCase"/>
  <testcase name="thirdTest" time="0.001" classname="tests.SecondTestCase"/>
  <testcase name="fiveTest" time="0.001" classname="tests.ThirdTestCase"/>
  <testcase name="fourTest" time="0.001" classname="tests.ThirdTestCase"/>
  <testcase name="sixTest" time="0.001" classname="tests.ThirdTestCase"/>
</testsuite> <!-- /Users/nitinarora/IdeaProjects/Project1/src/test/java/tests/BaseClass.java -->
